Running: fuse.exe -relaunch -intstyle "ise" -incremental -lib "unisims_ver" -lib "unimacro_ver" -lib "xilinxcorelib_ver" -lib "secureip" -o "D:/data/university/az memari/hws/hw1/all/my_mips/alu_module_test_isim_beh.exe" -prj "D:/data/university/az memari/hws/hw1/all/my_mips/alu_module_test_beh.prj" "work.alu_module_test" "work.glbl" 
ISim P.20131013 (signature 0x7708f090)
Number of CPUs detected in this system: 8
Turning on mult-threading, number of parallel sub-compilation jobs: 16 
Determining compilation order of HDL files
Analyzing Verilog file "D:/data/university/az memari/hws/hw1/all/my_mips/Shift_Register.v" into library work
Analyzing Verilog file "D:/data/university/az memari/hws/hw1/all/my_mips/control_unit.v" into library work
WARNING:HDLCompiler:327 - "D:/data/university/az memari/hws/hw1/all/my_mips/control_unit.v" Line 24: Concatenation with unsized literal; will interpret as 32 bits
Analyzing Verilog file "D:/data/university/az memari/hws/hw1/all/my_mips/Adder_Subtractor.v" into library work
Analyzing Verilog file "D:/data/university/az memari/hws/hw1/all/my_mips/Multiplier.v" into library work
Analyzing Verilog file "D:/data/university/az memari/hws/hw1/all/my_mips/divide.v" into library work
Analyzing Verilog file "D:/data/university/az memari/hws/hw1/all/my_mips/ALU.v" into library work
Analyzing Verilog file "D:/data/university/az memari/hws/hw1/all/my_mips/alu_module_test.v" into library work
Analyzing Verilog file "C:/Xilinx/14.7/ISE_DS/ISE//verilog/src/glbl.v" into library work
Starting static elaboration
WARNING:HDLCompiler:327 - "D:/data/university/az memari/hws/hw1/all/my_mips/control_unit.v" Line 24: Concatenation with unsized literal; will interpret as 32 bits
Completed static elaboration
Compiling module divide
Compiling module Control_Unit
Compiling module Shift_Register
Compiling module Adder_Subtractor
Compiling module Multiplier
Compiling module ALU
Compiling module alu_module_test
Compiling module glbl
Time Resolution for simulation is 1ps.
Compiled 8 Verilog Units
Built simulation executable D:/data/university/az memari/hws/hw1/all/my_mips/alu_module_test_isim_beh.exe
Fuse Memory Usage: 27900 KB
Fuse CPU Usage: 468 ms
